2024-04-10 17:47:22,702 - INFO - Base URL: http://localhost:8000 is read from the config file.
2024-04-10 17:47:22,702 - INFO - Image URL: https://content.fortune.com/wp-content/uploads/2019/05/tak-room-rendering-web.jpg is read from the config file.
2024-04-10 17:47:48,828 - INFO - Base URL: http://localhost:8000 is read from the config file.
2024-04-10 17:47:48,828 - INFO - Image URL: https://content.fortune.com/wp-content/uploads/2019/05/tak-room-rendering-web.jpg is read from the config file.
2024-04-10 17:48:24,158 - INFO - Base URL: http://localhost:8000 is read from the config file.
2024-04-10 17:48:24,158 - INFO - Image URL: https://content.fortune.com/wp-content/uploads/2019/05/tak-room-rendering-web.jpg is read from the config file.
2024-04-10 17:48:37,137 - INFO - Base URL: http://localhost:8000 is read from the config file.
2024-04-10 17:48:37,138 - INFO - Image URL: https://content.fortune.com/wp-content/uploads/2019/05/tak-room-rendering-web.jpg is read from the config file.
2024-04-10 17:49:25,047 - INFO - Base URL: http://localhost:8000 is read from the config file.
2024-04-10 17:49:25,048 - INFO - Image URL: https://content.fortune.com/wp-content/uploads/2019/05/tak-room-rendering-web.jpg is read from the config file.
2024-04-10 17:49:40,667 - INFO - Base URL: http://localhost:8000 is read from the config file.
2024-04-10 17:49:40,667 - INFO - Image URL: https://content.fortune.com/wp-content/uploads/2019/05/tak-room-rendering-web.jpg is read from the config file.
2024-04-10 17:49:53,972 - INFO - Base URL: http://localhost:8000 is read from the config file.
2024-04-10 17:49:53,972 - INFO - Image URL: https://content.fortune.com/wp-content/uploads/2019/05/tak-room-rendering-web.jpg is read from the config file.
2024-04-10 17:50:37,649 - INFO - Base URL: http://localhost:8000 is read from the config file.
2024-04-10 17:50:37,649 - INFO - Image URL: https://content.fortune.com/wp-content/uploads/2019/05/tak-room-rendering-web.jpg is read from the config file.
2024-04-10 17:50:47,009 - INFO - Base URL: http://localhost:8000 is read from the config file.
2024-04-10 17:50:47,009 - INFO - Image URL: https://content.fortune.com/wp-content/uploads/2019/05/tak-room-rendering-web.jpg is read from the config file.
2024-04-10 17:51:43,920 - INFO - Base URL: http://localhost:8000 is read from the config file.
2024-04-10 17:51:43,920 - INFO - Image URL: https://content.fortune.com/wp-content/uploads/2019/05/tak-room-rendering-web.jpg is read from the config file.
2024-04-10 18:11:27,004 - INFO - Base URL: http://localhost:8000 is read from the config file.
2024-04-10 18:11:27,004 - INFO - Image URL: https://content.fortune.com/wp-content/uploads/2019/05/tak-room-rendering-web.jpg is read from the config file.
2024-04-10 18:12:04,756 - INFO - Base URL: http://localhost:8000 is read from the config file.
2024-04-10 18:12:04,756 - INFO - Image URL: https://content.fortune.com/wp-content/uploads/2019/05/tak-room-rendering-web.jpg is read from the config file.
2024-04-10 18:12:21,569 - INFO - Base URL: http://localhost:8000 is read from the config file.
2024-04-10 18:12:21,569 - INFO - Image URL: https://content.fortune.com/wp-content/uploads/2019/05/tak-room-rendering-web.jpg is read from the config file.
2024-04-10 18:12:28,912 - INFO - Base URL: http://localhost:8000 is read from the config file.
2024-04-10 18:12:28,912 - INFO - Image URL: https://content.fortune.com/wp-content/uploads/2019/05/tak-room-rendering-web.jpg is read from the config file.
2024-04-10 18:12:32,713 - INFO - Base URL: http://localhost:8000 is read from the config file.
2024-04-10 18:12:32,713 - INFO - Image URL: https://content.fortune.com/wp-content/uploads/2019/05/tak-room-rendering-web.jpg is read from the config file.
2024-04-10 18:12:38,392 - INFO - Base URL: http://localhost:8000 is read from the config file.
2024-04-10 18:12:38,392 - INFO - Image URL: https://content.fortune.com/wp-content/uploads/2019/05/tak-room-rendering-web.jpg is read from the config file.
2024-04-10 18:12:54,128 - INFO - Base URL: http://localhost:8000 is read from the config file.
2024-04-10 18:12:54,129 - INFO - Image URL: https://content.fortune.com/wp-content/uploads/2019/05/tak-room-rendering-web.jpg is read from the config file.
2024-04-10 18:12:55,848 - INFO - Base URL: http://localhost:8000 is read from the config file.
2024-04-10 18:12:55,848 - INFO - Image URL: https://content.fortune.com/wp-content/uploads/2019/05/tak-room-rendering-web.jpg is read from the config file.
2024-04-10 18:12:56,952 - INFO - Base URL: http://localhost:8000 is read from the config file.
2024-04-10 18:12:56,952 - INFO - Image URL: https://content.fortune.com/wp-content/uploads/2019/05/tak-room-rendering-web.jpg is read from the config file.
2024-04-10 18:12:57,102 - DEBUG - Starting new HTTP connection (1): localhost:8000
2024-04-10 18:13:08,801 - INFO - Base URL: http://localhost:8000 is read from the config file.
2024-04-10 18:13:08,801 - INFO - Image URL: https://content.fortune.com/wp-content/uploads/2019/05/tak-room-rendering-web.jpg is read from the config file.
2024-04-10 18:13:08,958 - DEBUG - Starting new HTTP connection (1): localhost:8000
2024-04-10 18:13:08,970 - DEBUG - http://localhost:8000 "POST /orders/ HTTP/1.1" 200 205
2024-04-10 18:13:34,511 - INFO - Base URL: http://localhost:8000 is read from the config file.
2024-04-10 18:13:34,512 - INFO - Image URL: https://content.fortune.com/wp-content/uploads/2019/05/tak-room-rendering-web.jpg is read from the config file.
2024-04-10 18:13:36,127 - INFO - Base URL: http://localhost:8000 is read from the config file.
2024-04-10 18:13:36,127 - INFO - Image URL: https://content.fortune.com/wp-content/uploads/2019/05/tak-room-rendering-web.jpg is read from the config file.
2024-04-10 18:13:36,268 - DEBUG - Starting new HTTP connection (1): localhost:8000
2024-04-10 18:13:36,270 - DEBUG - http://localhost:8000 "GET /orders/Order_01 HTTP/1.1" 200 97
2024-04-10 18:14:34,728 - INFO - Base URL: http://localhost:8000 is read from the config file.
2024-04-10 18:14:34,728 - INFO - Image URL: https://content.fortune.com/wp-content/uploads/2019/05/tak-room-rendering-web.jpg is read from the config file.
2024-04-10 18:20:44,325 - INFO - Base URL: http://localhost:8000 is read from the config file.
2024-04-10 18:20:44,325 - INFO - Image URL: https://content.fortune.com/wp-content/uploads/2019/05/tak-room-rendering-web.jpg is read from the config file.
2024-04-10 18:20:45,082 - INFO - Base URL: http://localhost:8000 is read from the config file.
2024-04-10 18:20:45,082 - INFO - Image URL: https://content.fortune.com/wp-content/uploads/2019/05/tak-room-rendering-web.jpg is read from the config file.
2024-04-10 18:20:50,745 - INFO - Base URL: http://localhost:8000 is read from the config file.
2024-04-10 18:20:50,745 - INFO - Image URL: https://content.fortune.com/wp-content/uploads/2019/05/tak-room-rendering-web.jpg is read from the config file.
2024-04-10 18:21:04,744 - INFO - Base URL: http://localhost:8000 is read from the config file.
2024-04-10 18:21:04,744 - INFO - Image URL: https://content.fortune.com/wp-content/uploads/2019/05/tak-room-rendering-web.jpg is read from the config file.
2024-04-10 18:21:28,983 - INFO - Base URL: http://localhost:8000 is read from the config file.
2024-04-10 18:21:28,983 - INFO - Image URL: https://content.fortune.com/wp-content/uploads/2019/05/tak-room-rendering-web.jpg is read from the config file.
2024-04-10 18:21:29,040 - INFO - Base URL: http://localhost:8000 is read from the config file.
2024-04-10 18:21:29,040 - INFO - Image URL: https://content.fortune.com/wp-content/uploads/2019/05/tak-room-rendering-web.jpg is read from the config file.
2024-04-10 18:21:29,234 - DEBUG - Starting new HTTP connection (1): localhost:8000
2024-04-10 18:21:34,785 - DEBUG - http://localhost:8000 "PUT /orders/Order_01 HTTP/1.1" 500 21
2024-04-10 18:22:00,863 - INFO - Base URL: http://localhost:8000 is read from the config file.
2024-04-10 18:22:00,863 - INFO - Image URL: https://content.fortune.com/wp-content/uploads/2019/05/tak-room-rendering-web.jpg is read from the config file.
2024-04-10 18:22:01,016 - DEBUG - Starting new HTTP connection (1): localhost:8000
2024-04-10 18:22:06,556 - DEBUG - http://localhost:8000 "PUT /orders/Order_01 HTTP/1.1" 500 21
2024-04-10 18:22:17,422 - INFO - Base URL: http://localhost:8000 is read from the config file.
2024-04-10 18:22:17,422 - INFO - Image URL: https://content.fortune.com/wp-content/uploads/2019/05/tak-room-rendering-web.jpg is read from the config file.
2024-04-10 18:22:17,574 - DEBUG - Starting new HTTP connection (1): localhost:8000
2024-04-10 18:22:17,585 - DEBUG - http://localhost:8000 "PUT /orders/Order_01 HTTP/1.1" 200 148
2024-04-10 18:45:47,734 - INFO - Base URL: http://localhost:8000 is read from the config file.
2024-04-10 18:45:47,735 - INFO - Image URL: https://content.fortune.com/wp-content/uploads/2019/05/tak-room-rendering-web.jpg is read from the config file.
2024-04-10 18:45:48,258 - INFO - User accessed Insert Order section
2024-04-10 18:46:00,186 - INFO - Base URL: http://localhost:8000 is read from the config file.
2024-04-10 18:46:00,186 - INFO - Image URL: https://content.fortune.com/wp-content/uploads/2019/05/tak-room-rendering-web.jpg is read from the config file.
2024-04-10 18:46:00,339 - INFO - User accessed Insert Order section
2024-04-10 18:46:06,417 - INFO - Base URL: http://localhost:8000 is read from the config file.
2024-04-10 18:46:06,418 - INFO - Image URL: https://content.fortune.com/wp-content/uploads/2019/05/tak-room-rendering-web.jpg is read from the config file.
2024-04-10 18:46:06,571 - INFO - User accessed Insert Order section
2024-04-10 18:46:12,161 - INFO - Base URL: http://localhost:8000 is read from the config file.
2024-04-10 18:46:12,162 - INFO - Image URL: https://content.fortune.com/wp-content/uploads/2019/05/tak-room-rendering-web.jpg is read from the config file.
2024-04-10 18:46:12,309 - INFO - User accessed Insert Order section
2024-04-10 18:46:14,833 - INFO - Base URL: http://localhost:8000 is read from the config file.
2024-04-10 18:46:14,833 - INFO - Image URL: https://content.fortune.com/wp-content/uploads/2019/05/tak-room-rendering-web.jpg is read from the config file.
2024-04-10 18:46:14,978 - INFO - User accessed Insert Order section
2024-04-10 18:46:19,065 - INFO - Base URL: http://localhost:8000 is read from the config file.
2024-04-10 18:46:19,065 - INFO - Image URL: https://content.fortune.com/wp-content/uploads/2019/05/tak-room-rendering-web.jpg is read from the config file.
2024-04-10 18:46:19,216 - INFO - User accessed Insert Order section
2024-04-10 18:46:30,433 - INFO - Base URL: http://localhost:8000 is read from the config file.
2024-04-10 18:46:30,433 - INFO - Image URL: https://content.fortune.com/wp-content/uploads/2019/05/tak-room-rendering-web.jpg is read from the config file.
2024-04-10 18:46:30,505 - INFO - Base URL: http://localhost:8000 is read from the config file.
2024-04-10 18:46:30,505 - INFO - Image URL: https://content.fortune.com/wp-content/uploads/2019/05/tak-room-rendering-web.jpg is read from the config file.
2024-04-10 18:46:30,692 - INFO - User accessed Insert Order section
2024-04-10 18:46:30,696 - DEBUG - Starting new HTTP connection (1): localhost:8000
2024-04-10 18:46:30,710 - DEBUG - http://localhost:8000 "POST /orders/ HTTP/1.1" 200 203
2024-04-10 18:46:30,711 - INFO - Order inserted successfully
2024-04-10 18:47:08,458 - INFO - Base URL: http://localhost:8000 is read from the config file.
2024-04-10 18:47:08,458 - INFO - Image URL: https://content.fortune.com/wp-content/uploads/2019/05/tak-room-rendering-web.jpg is read from the config file.
2024-04-10 18:47:08,605 - INFO - User accessed View Order section
2024-04-10 18:47:09,952 - INFO - Base URL: http://localhost:8000 is read from the config file.
2024-04-10 18:47:09,952 - INFO - Image URL: https://content.fortune.com/wp-content/uploads/2019/05/tak-room-rendering-web.jpg is read from the config file.
2024-04-10 18:47:10,099 - INFO - User accessed View Order section
2024-04-10 18:47:10,101 - DEBUG - Starting new HTTP connection (1): localhost:8000
2024-04-10 18:47:10,104 - DEBUG - http://localhost:8000 "GET /orders/Order%20F HTTP/1.1" 200 95
2024-04-10 18:47:10,104 - INFO - Viewed order with code Order F
2024-04-10 18:47:20,152 - INFO - Base URL: http://localhost:8000 is read from the config file.
2024-04-10 18:47:20,152 - INFO - Image URL: https://content.fortune.com/wp-content/uploads/2019/05/tak-room-rendering-web.jpg is read from the config file.
2024-04-10 18:47:20,300 - INFO - User accessed Update Order section
2024-04-10 18:47:24,336 - INFO - Base URL: http://localhost:8000 is read from the config file.
2024-04-10 18:47:24,336 - INFO - Image URL: https://content.fortune.com/wp-content/uploads/2019/05/tak-room-rendering-web.jpg is read from the config file.
2024-04-10 18:47:24,478 - INFO - User accessed Update Order section
2024-04-10 18:47:24,921 - INFO - Base URL: http://localhost:8000 is read from the config file.
2024-04-10 18:47:24,921 - INFO - Image URL: https://content.fortune.com/wp-content/uploads/2019/05/tak-room-rendering-web.jpg is read from the config file.
2024-04-10 18:47:25,073 - INFO - User accessed Update Order section
2024-04-10 18:47:25,077 - INFO - User requested to update an order
2024-04-10 18:47:25,077 - INFO - Payload for update: {'payment_method': 'Credit Card'}
2024-04-10 18:47:25,078 - DEBUG - Starting new HTTP connection (1): localhost:8000
2024-04-10 18:47:25,092 - DEBUG - http://localhost:8000 "PUT /orders/Order%20F HTTP/1.1" 200 141
2024-04-10 18:47:25,093 - INFO - Order updated successfully
2024-04-15 10:10:02,329 - INFO - Base URL: http://localhost:8000 is read from the config file.
2024-04-15 10:10:02,330 - INFO - Image URL: https://content.fortune.com/wp-content/uploads/2019/05/tak-room-rendering-web.jpg is read from the config file.
2024-04-15 10:10:03,206 - INFO - User accessed Insert Order section
2024-04-15 10:23:17,093 - INFO - Base URL: http://localhost:8000 is read from the config file.
2024-04-15 10:23:17,093 - INFO - Image URL: https://content.fortune.com/wp-content/uploads/2019/05/tak-room-rendering-web.jpg is read from the config file.
2024-04-15 10:23:17,295 - INFO - User accessed Insert Order section
2024-04-15 10:23:47,488 - INFO - Base URL: http://localhost:8000 is read from the config file.
2024-04-15 10:23:47,488 - INFO - Image URL: https://content.fortune.com/wp-content/uploads/2019/05/tak-room-rendering-web.jpg is read from the config file.
2024-04-15 10:23:47,653 - INFO - User accessed Insert Order section
2024-04-15 10:23:59,529 - INFO - Base URL: http://localhost:8000 is read from the config file.
2024-04-15 10:23:59,529 - INFO - Image URL: https://content.fortune.com/wp-content/uploads/2019/05/tak-room-rendering-web.jpg is read from the config file.
2024-04-15 10:23:59,739 - INFO - User accessed Insert Order section
2024-04-15 10:26:09,182 - INFO - Base URL: http://localhost:8000 is read from the config file.
2024-04-15 10:26:09,182 - INFO - Image URL: https://content.fortune.com/wp-content/uploads/2019/05/tak-room-rendering-web.jpg is read from the config file.
2024-04-15 10:26:09,388 - INFO - User accessed Insert Order section
2024-04-15 10:26:20,808 - INFO - Base URL: http://localhost:8000 is read from the config file.
2024-04-15 10:26:20,808 - INFO - Image URL: https://content.fortune.com/wp-content/uploads/2019/05/tak-room-rendering-web.jpg is read from the config file.
2024-04-15 10:26:21,046 - INFO - User accessed Insert Order section
2024-04-15 10:26:40,653 - INFO - Base URL: http://localhost:8000 is read from the config file.
2024-04-15 10:26:40,654 - INFO - Image URL: https://content.fortune.com/wp-content/uploads/2019/05/tak-room-rendering-web.jpg is read from the config file.
2024-04-15 10:26:40,872 - INFO - User accessed Insert Order section
2024-04-15 10:26:50,833 - INFO - Base URL: http://localhost:8000 is read from the config file.
2024-04-15 10:26:50,833 - INFO - Image URL: https://content.fortune.com/wp-content/uploads/2019/05/tak-room-rendering-web.jpg is read from the config file.
2024-04-15 10:26:51,073 - INFO - User accessed Insert Order section
2024-04-15 10:27:03,605 - INFO - Base URL: http://localhost:8000 is read from the config file.
2024-04-15 10:27:03,606 - INFO - Image URL: https://content.fortune.com/wp-content/uploads/2019/05/tak-room-rendering-web.jpg is read from the config file.
2024-04-15 10:27:03,824 - INFO - User accessed Insert Order section
2024-04-15 10:27:13,258 - INFO - Base URL: http://localhost:8000 is read from the config file.
2024-04-15 10:27:13,258 - INFO - Image URL: https://content.fortune.com/wp-content/uploads/2019/05/tak-room-rendering-web.jpg is read from the config file.
2024-04-15 10:27:13,464 - INFO - User accessed Insert Order section
2024-04-15 10:28:08,433 - INFO - Base URL: http://localhost:8000 is read from the config file.
2024-04-15 10:28:08,433 - INFO - Image URL: https://content.fortune.com/wp-content/uploads/2019/05/tak-room-rendering-web.jpg is read from the config file.
2024-04-15 10:28:08,683 - INFO - User accessed Insert Order section
2024-04-15 10:29:01,629 - INFO - Base URL: http://localhost:8000 is read from the config file.
2024-04-15 10:29:01,629 - INFO - Image URL: https://content.fortune.com/wp-content/uploads/2019/05/tak-room-rendering-web.jpg is read from the config file.
2024-04-15 10:29:01,846 - INFO - User accessed Insert Order section
2024-04-15 10:30:17,721 - INFO - Base URL: http://localhost:8000 is read from the config file.
2024-04-15 10:30:17,721 - INFO - Image URL: https://content.fortune.com/wp-content/uploads/2019/05/tak-room-rendering-web.jpg is read from the config file.
2024-04-15 10:30:17,980 - INFO - User accessed Insert Order section
2024-04-15 10:32:08,650 - INFO - Base URL: http://localhost:8000 is read from the config file.
2024-04-15 10:32:08,651 - INFO - Image URL: https://content.fortune.com/wp-content/uploads/2019/05/tak-room-rendering-web.jpg is read from the config file.
2024-04-15 10:32:08,922 - INFO - User accessed Insert Order section
2024-04-15 10:33:28,357 - INFO - Base URL: http://localhost:8000 is read from the config file.
2024-04-15 10:33:28,357 - INFO - Image URL: https://content.fortune.com/wp-content/uploads/2019/05/tak-room-rendering-web.jpg is read from the config file.
2024-04-15 10:33:28,597 - INFO - User accessed Insert Order section
2024-04-15 10:34:28,043 - INFO - Base URL: http://localhost:8000 is read from the config file.
2024-04-15 10:34:28,043 - INFO - Image URL: https://content.fortune.com/wp-content/uploads/2019/05/tak-room-rendering-web.jpg is read from the config file.
2024-04-15 10:34:28,239 - INFO - User accessed Insert Order section
2024-04-15 10:34:43,015 - INFO - Base URL: http://localhost:8000 is read from the config file.
2024-04-15 10:34:43,015 - INFO - Image URL: https://content.fortune.com/wp-content/uploads/2019/05/tak-room-rendering-web.jpg is read from the config file.
2024-04-15 10:34:43,230 - INFO - User accessed Insert Order section
2024-04-15 10:35:27,479 - INFO - Base URL: http://localhost:8000 is read from the config file.
2024-04-15 10:35:27,479 - INFO - Image URL: https://content.fortune.com/wp-content/uploads/2019/05/tak-room-rendering-web.jpg is read from the config file.
2024-04-15 10:35:27,695 - INFO - User accessed Insert Order section
2024-04-15 10:35:58,703 - INFO - Base URL: http://localhost:8000 is read from the config file.
2024-04-15 10:35:58,703 - INFO - Image URL: https://content.fortune.com/wp-content/uploads/2019/05/tak-room-rendering-web.jpg is read from the config file.
2024-04-15 10:35:58,926 - INFO - User accessed Insert Order section
2024-04-15 10:36:29,489 - INFO - Base URL: http://localhost:8000 is read from the config file.
2024-04-15 10:36:29,489 - INFO - Image URL: https://content.fortune.com/wp-content/uploads/2019/05/tak-room-rendering-web.jpg is read from the config file.
2024-04-15 10:36:29,702 - INFO - User accessed Insert Order section
2024-04-15 10:37:00,444 - INFO - Base URL: http://localhost:8000 is read from the config file.
2024-04-15 10:37:00,444 - INFO - Image URL: https://content.fortune.com/wp-content/uploads/2019/05/tak-room-rendering-web.jpg is read from the config file.
2024-04-15 10:37:00,664 - INFO - User accessed Insert Order section
2024-04-15 10:37:19,147 - INFO - Base URL: http://localhost:8000 is read from the config file.
2024-04-15 10:37:19,148 - INFO - Image URL: https://content.fortune.com/wp-content/uploads/2019/05/tak-room-rendering-web.jpg is read from the config file.
2024-04-15 10:37:19,345 - INFO - User accessed Insert Order section
2024-04-15 10:37:51,928 - INFO - Base URL: http://localhost:8000 is read from the config file.
2024-04-15 10:37:51,928 - INFO - Image URL: https://content.fortune.com/wp-content/uploads/2019/05/tak-room-rendering-web.jpg is read from the config file.
2024-04-15 10:37:52,137 - INFO - User accessed Insert Order section
2024-04-15 10:44:09,995 - INFO - Base URL: http://localhost:8000 is read from the config file.
2024-04-15 10:44:09,995 - INFO - Image URL: https://content.fortune.com/wp-content/uploads/2019/05/tak-room-rendering-web.jpg is read from the config file.
2024-04-15 10:44:10,206 - INFO - User accessed Insert Order section
2024-04-15 10:44:33,723 - INFO - Base URL: http://localhost:8000 is read from the config file.
2024-04-15 10:44:33,724 - INFO - Image URL: https://content.fortune.com/wp-content/uploads/2019/05/tak-room-rendering-web.jpg is read from the config file.
2024-04-15 10:44:33,928 - INFO - User accessed Insert Order section
